<?xml version="1.0" encoding="UTF-8"?>
<!-- Generated by org.testng.reporters.JUnitReportReporter -->
<testsuite hostname="DESKTOP-8LUMBA5" failures="0" tests="3" name="firstTestNG" time="0.012" errors="0" timestamp="2022-06-28T17:05:26 PDT" skipped="0">
  <testcase classname="firstTestNG" name="teardown" time="0.000"/>
  <system-out/>
  <testcase classname="firstTestNG" name="setup" time="0.011"/>
  <system-out/>
  <testcase classname="firstTestNG" name="testSteps" time="0.001"/>
  <system-out/>
</testsuite> <!-- firstTestNG -->
